(x_pos,x_vel,y_pos,y_vel)
0:(-3,-3,-3,-3)
1:(-2,-2,-2,-2)
2:(-1,-1,-1,-1)
3:(0,0,0,0)
4:(0,0,0,1)
5:(0,0,0,2)
6:(0,0,0,3)
7:(0,0,1,0)
8:(0,0,1,1)
9:(0,0,1,2)
10:(0,0,1,3)
11:(0,0,2,0)
12:(0,0,2,1)
13:(0,0,2,2)
14:(0,0,2,3)
15:(0,0,3,0)
16:(0,0,3,1)
17:(0,0,3,2)
18:(0,0,3,3)
19:(0,0,4,0)
20:(0,0,4,1)
21:(0,0,4,2)
22:(0,0,4,3)
23:(0,0,5,0)
24:(0,0,5,1)
25:(0,0,5,2)
26:(0,0,5,3)
27:(0,0,6,0)
28:(0,0,6,1)
29:(0,0,6,2)
30:(0,0,6,3)
31:(0,1,0,0)
32:(0,1,0,1)
33:(0,1,0,2)
34:(0,1,0,3)
35:(0,1,1,0)
36:(0,1,1,1)
37:(0,1,1,2)
38:(0,1,1,3)
39:(0,1,2,0)
40:(0,1,2,1)
41:(0,1,2,2)
42:(0,1,2,3)
43:(0,1,3,0)
44:(0,1,3,1)
45:(0,1,3,2)
46:(0,1,3,3)
47:(0,1,4,0)
48:(0,1,4,1)
49:(0,1,4,2)
50:(0,1,4,3)
51:(0,1,5,0)
52:(0,1,5,1)
53:(0,1,5,2)
54:(0,1,5,3)
55:(0,1,6,0)
56:(0,1,6,1)
57:(0,1,6,2)
58:(0,1,6,3)
59:(0,2,0,0)
60:(0,2,0,1)
61:(0,2,0,2)
62:(0,2,0,3)
63:(0,2,1,0)
64:(0,2,1,1)
65:(0,2,1,2)
66:(0,2,1,3)
67:(0,2,2,0)
68:(0,2,2,1)
69:(0,2,2,2)
70:(0,2,2,3)
71:(0,2,3,0)
72:(0,2,3,1)
73:(0,2,3,2)
74:(0,2,3,3)
75:(0,2,4,0)
76:(0,2,4,1)
77:(0,2,4,2)
78:(0,2,4,3)
79:(0,2,5,0)
80:(0,2,5,1)
81:(0,2,5,2)
82:(0,2,5,3)
83:(0,2,6,0)
84:(0,2,6,1)
85:(0,2,6,2)
86:(0,2,6,3)
87:(0,3,0,0)
88:(0,3,0,1)
89:(0,3,0,2)
90:(0,3,0,3)
91:(0,3,1,0)
92:(0,3,1,1)
93:(0,3,1,2)
94:(0,3,1,3)
95:(0,3,2,0)
96:(0,3,2,1)
97:(0,3,2,2)
98:(0,3,2,3)
99:(0,3,3,0)
100:(0,3,3,1)
101:(0,3,3,2)
102:(0,3,3,3)
103:(0,3,4,0)
104:(0,3,4,1)
105:(0,3,4,2)
106:(0,3,4,3)
107:(0,3,5,0)
108:(0,3,5,1)
109:(0,3,5,2)
110:(0,3,5,3)
111:(0,3,6,0)
112:(0,3,6,1)
113:(0,3,6,2)
114:(0,3,6,3)
115:(1,0,0,0)
116:(1,0,0,1)
117:(1,0,0,2)
118:(1,0,0,3)
119:(1,0,1,0)
120:(1,0,1,1)
121:(1,0,1,2)
122:(1,0,1,3)
123:(1,0,2,0)
124:(1,0,2,1)
125:(1,0,2,2)
126:(1,0,2,3)
127:(1,0,3,0)
128:(1,0,3,1)
129:(1,0,3,2)
130:(1,0,3,3)
131:(1,0,4,0)
132:(1,0,4,1)
133:(1,0,4,2)
134:(1,0,4,3)
135:(1,0,5,0)
136:(1,0,5,1)
137:(1,0,5,2)
138:(1,0,5,3)
139:(1,0,6,0)
140:(1,0,6,1)
141:(1,0,6,2)
142:(1,0,6,3)
143:(1,1,0,0)
144:(1,1,0,1)
145:(1,1,0,2)
146:(1,1,0,3)
147:(1,1,1,0)
148:(1,1,1,1)
149:(1,1,1,2)
150:(1,1,1,3)
151:(1,1,2,0)
152:(1,1,2,1)
153:(1,1,2,2)
154:(1,1,2,3)
155:(1,1,3,0)
156:(1,1,3,1)
157:(1,1,3,2)
158:(1,1,3,3)
159:(1,1,4,0)
160:(1,1,4,1)
161:(1,1,4,2)
162:(1,1,4,3)
163:(1,1,5,0)
164:(1,1,5,1)
165:(1,1,5,2)
166:(1,1,5,3)
167:(1,1,6,0)
168:(1,1,6,1)
169:(1,1,6,2)
170:(1,1,6,3)
171:(1,2,0,0)
172:(1,2,0,1)
173:(1,2,0,2)
174:(1,2,0,3)
175:(1,2,1,0)
176:(1,2,1,1)
177:(1,2,1,2)
178:(1,2,1,3)
179:(1,2,2,0)
180:(1,2,2,1)
181:(1,2,2,2)
182:(1,2,2,3)
183:(1,2,3,0)
184:(1,2,3,1)
185:(1,2,3,2)
186:(1,2,3,3)
187:(1,2,4,0)
188:(1,2,4,1)
189:(1,2,4,2)
190:(1,2,4,3)
191:(1,2,5,0)
192:(1,2,5,1)
193:(1,2,5,2)
194:(1,2,5,3)
195:(1,2,6,0)
196:(1,2,6,1)
197:(1,2,6,2)
198:(1,2,6,3)
199:(1,3,0,0)
200:(1,3,0,1)
201:(1,3,0,2)
202:(1,3,0,3)
203:(1,3,1,0)
204:(1,3,1,1)
205:(1,3,1,2)
206:(1,3,1,3)
207:(1,3,2,0)
208:(1,3,2,1)
209:(1,3,2,2)
210:(1,3,2,3)
211:(1,3,3,0)
212:(1,3,3,1)
213:(1,3,3,2)
214:(1,3,3,3)
215:(1,3,4,0)
216:(1,3,4,1)
217:(1,3,4,2)
218:(1,3,4,3)
219:(1,3,5,0)
220:(1,3,5,1)
221:(1,3,5,2)
222:(1,3,5,3)
223:(1,3,6,0)
224:(1,3,6,1)
225:(1,3,6,2)
226:(1,3,6,3)
227:(2,0,0,0)
228:(2,0,0,1)
229:(2,0,0,2)
230:(2,0,0,3)
231:(2,0,1,0)
232:(2,0,1,1)
233:(2,0,1,2)
234:(2,0,1,3)
235:(2,0,2,0)
236:(2,0,2,1)
237:(2,0,2,2)
238:(2,0,2,3)
239:(2,0,3,0)
240:(2,0,3,1)
241:(2,0,3,2)
242:(2,0,3,3)
243:(2,0,4,0)
244:(2,0,4,1)
245:(2,0,4,2)
246:(2,0,4,3)
247:(2,0,5,0)
248:(2,0,5,1)
249:(2,0,5,2)
250:(2,0,5,3)
251:(2,0,6,0)
252:(2,0,6,1)
253:(2,0,6,2)
254:(2,0,6,3)
255:(2,1,0,0)
256:(2,1,0,1)
257:(2,1,0,2)
258:(2,1,0,3)
259:(2,1,1,0)
260:(2,1,1,1)
261:(2,1,1,2)
262:(2,1,1,3)
263:(2,1,2,0)
264:(2,1,2,1)
265:(2,1,2,2)
266:(2,1,2,3)
267:(2,1,3,0)
268:(2,1,3,1)
269:(2,1,3,2)
270:(2,1,3,3)
271:(2,1,4,0)
272:(2,1,4,1)
273:(2,1,4,2)
274:(2,1,4,3)
275:(2,1,5,0)
276:(2,1,5,1)
277:(2,1,5,2)
278:(2,1,5,3)
279:(2,1,6,0)
280:(2,1,6,1)
281:(2,1,6,2)
282:(2,1,6,3)
283:(2,2,0,0)
284:(2,2,0,1)
285:(2,2,0,2)
286:(2,2,0,3)
287:(2,2,1,0)
288:(2,2,1,1)
289:(2,2,1,2)
290:(2,2,1,3)
291:(2,2,2,0)
292:(2,2,2,1)
293:(2,2,2,2)
294:(2,2,2,3)
295:(2,2,3,0)
296:(2,2,3,1)
297:(2,2,3,2)
298:(2,2,3,3)
299:(2,2,4,0)
300:(2,2,4,1)
301:(2,2,4,2)
302:(2,2,4,3)
303:(2,2,5,0)
304:(2,2,5,1)
305:(2,2,5,2)
306:(2,2,5,3)
307:(2,2,6,0)
308:(2,2,6,1)
309:(2,2,6,2)
310:(2,2,6,3)
311:(2,3,0,0)
312:(2,3,0,1)
313:(2,3,0,2)
314:(2,3,0,3)
315:(2,3,1,0)
316:(2,3,1,1)
317:(2,3,1,2)
318:(2,3,1,3)
319:(2,3,2,0)
320:(2,3,2,1)
321:(2,3,2,2)
322:(2,3,2,3)
323:(2,3,3,0)
324:(2,3,3,1)
325:(2,3,3,2)
326:(2,3,3,3)
327:(2,3,4,0)
328:(2,3,4,1)
329:(2,3,4,2)
330:(2,3,4,3)
331:(2,3,5,0)
332:(2,3,5,1)
333:(2,3,5,2)
334:(2,3,5,3)
335:(2,3,6,0)
336:(2,3,6,1)
337:(2,3,6,2)
338:(2,3,6,3)
339:(3,0,0,0)
340:(3,0,0,1)
341:(3,0,0,2)
342:(3,0,0,3)
343:(3,0,1,0)
344:(3,0,1,1)
345:(3,0,1,2)
346:(3,0,1,3)
347:(3,0,2,0)
348:(3,0,2,1)
349:(3,0,2,2)
350:(3,0,2,3)
351:(3,0,3,0)
352:(3,0,3,1)
353:(3,0,3,2)
354:(3,0,3,3)
355:(3,0,4,0)
356:(3,0,4,1)
357:(3,0,4,2)
358:(3,0,4,3)
359:(3,0,5,0)
360:(3,0,5,1)
361:(3,0,5,2)
362:(3,0,5,3)
363:(3,0,6,0)
364:(3,0,6,1)
365:(3,0,6,2)
366:(3,0,6,3)
367:(3,1,0,0)
368:(3,1,0,1)
369:(3,1,0,2)
370:(3,1,0,3)
371:(3,1,1,0)
372:(3,1,1,1)
373:(3,1,1,2)
374:(3,1,1,3)
375:(3,1,2,0)
376:(3,1,2,1)
377:(3,1,2,2)
378:(3,1,2,3)
379:(3,1,3,0)
380:(3,1,3,1)
381:(3,1,3,2)
382:(3,1,3,3)
383:(3,1,4,0)
384:(3,1,4,1)
385:(3,1,4,2)
386:(3,1,4,3)
387:(3,1,5,0)
388:(3,1,5,1)
389:(3,1,5,2)
390:(3,1,5,3)
391:(3,1,6,0)
392:(3,1,6,1)
393:(3,1,6,2)
394:(3,1,6,3)
395:(3,2,0,0)
396:(3,2,0,1)
397:(3,2,0,2)
398:(3,2,0,3)
399:(3,2,1,0)
400:(3,2,1,1)
401:(3,2,1,2)
402:(3,2,1,3)
403:(3,2,2,0)
404:(3,2,2,1)
405:(3,2,2,2)
406:(3,2,2,3)
407:(3,2,3,0)
408:(3,2,3,1)
409:(3,2,3,2)
410:(3,2,3,3)
411:(3,2,4,0)
412:(3,2,4,1)
413:(3,2,4,2)
414:(3,2,4,3)
415:(3,2,5,0)
416:(3,2,5,1)
417:(3,2,5,2)
418:(3,2,5,3)
419:(3,2,6,0)
420:(3,2,6,1)
421:(3,2,6,2)
422:(3,2,6,3)
423:(3,3,0,0)
424:(3,3,0,1)
425:(3,3,0,2)
426:(3,3,0,3)
427:(3,3,1,0)
428:(3,3,1,1)
429:(3,3,1,2)
430:(3,3,1,3)
431:(3,3,2,0)
432:(3,3,2,1)
433:(3,3,2,2)
434:(3,3,2,3)
435:(3,3,3,0)
436:(3,3,3,1)
437:(3,3,3,2)
438:(3,3,3,3)
439:(3,3,4,0)
440:(3,3,4,1)
441:(3,3,4,2)
442:(3,3,4,3)
443:(3,3,5,0)
444:(3,3,5,1)
445:(3,3,5,2)
446:(3,3,5,3)
447:(3,3,6,0)
448:(3,3,6,1)
449:(3,3,6,2)
450:(3,3,6,3)
451:(4,0,0,0)
452:(4,0,0,1)
453:(4,0,0,2)
454:(4,0,0,3)
455:(4,0,1,0)
456:(4,0,1,1)
457:(4,0,1,2)
458:(4,0,1,3)
459:(4,0,2,0)
460:(4,0,2,1)
461:(4,0,2,2)
462:(4,0,2,3)
463:(4,0,3,0)
464:(4,0,3,1)
465:(4,0,3,2)
466:(4,0,3,3)
467:(4,0,4,0)
468:(4,0,4,1)
469:(4,0,4,2)
470:(4,0,4,3)
471:(4,0,5,0)
472:(4,0,5,1)
473:(4,0,5,2)
474:(4,0,5,3)
475:(4,0,6,0)
476:(4,0,6,1)
477:(4,0,6,2)
478:(4,0,6,3)
479:(4,1,0,0)
480:(4,1,0,1)
481:(4,1,0,2)
482:(4,1,0,3)
483:(4,1,1,0)
484:(4,1,1,1)
485:(4,1,1,2)
486:(4,1,1,3)
487:(4,1,2,0)
488:(4,1,2,1)
489:(4,1,2,2)
490:(4,1,2,3)
491:(4,1,3,0)
492:(4,1,3,1)
493:(4,1,3,2)
494:(4,1,3,3)
495:(4,1,4,0)
496:(4,1,4,1)
497:(4,1,4,2)
498:(4,1,4,3)
499:(4,1,5,0)
500:(4,1,5,1)
501:(4,1,5,2)
502:(4,1,5,3)
503:(4,1,6,0)
504:(4,1,6,1)
505:(4,1,6,2)
506:(4,1,6,3)
507:(4,2,0,0)
508:(4,2,0,1)
509:(4,2,0,2)
510:(4,2,0,3)
511:(4,2,1,0)
512:(4,2,1,1)
513:(4,2,1,2)
514:(4,2,1,3)
515:(4,2,2,0)
516:(4,2,2,1)
517:(4,2,2,2)
518:(4,2,2,3)
519:(4,2,3,0)
520:(4,2,3,1)
521:(4,2,3,2)
522:(4,2,3,3)
523:(4,2,4,0)
524:(4,2,4,1)
525:(4,2,4,2)
526:(4,2,4,3)
527:(4,2,5,0)
528:(4,2,5,1)
529:(4,2,5,2)
530:(4,2,5,3)
531:(4,2,6,0)
532:(4,2,6,1)
533:(4,2,6,2)
534:(4,2,6,3)
535:(4,3,0,0)
536:(4,3,0,1)
537:(4,3,0,2)
538:(4,3,0,3)
539:(4,3,1,0)
540:(4,3,1,1)
541:(4,3,1,2)
542:(4,3,1,3)
543:(4,3,2,0)
544:(4,3,2,1)
545:(4,3,2,2)
546:(4,3,2,3)
547:(4,3,3,0)
548:(4,3,3,1)
549:(4,3,3,2)
550:(4,3,3,3)
551:(4,3,4,0)
552:(4,3,4,1)
553:(4,3,4,2)
554:(4,3,4,3)
555:(4,3,5,0)
556:(4,3,5,1)
557:(4,3,5,2)
558:(4,3,5,3)
559:(4,3,6,0)
560:(4,3,6,1)
561:(4,3,6,2)
562:(4,3,6,3)
563:(5,0,0,0)
564:(5,0,0,1)
565:(5,0,0,2)
566:(5,0,0,3)
567:(5,0,1,0)
568:(5,0,1,1)
569:(5,0,1,2)
570:(5,0,1,3)
571:(5,0,2,0)
572:(5,0,2,1)
573:(5,0,2,2)
574:(5,0,2,3)
575:(5,0,3,0)
576:(5,0,3,1)
577:(5,0,3,2)
578:(5,0,3,3)
579:(5,0,4,0)
580:(5,0,4,1)
581:(5,0,4,2)
582:(5,0,4,3)
583:(5,0,5,0)
584:(5,0,5,1)
585:(5,0,5,2)
586:(5,0,5,3)
587:(5,0,6,0)
588:(5,0,6,1)
589:(5,0,6,2)
590:(5,0,6,3)
591:(5,1,0,0)
592:(5,1,0,1)
593:(5,1,0,2)
594:(5,1,0,3)
595:(5,1,1,0)
596:(5,1,1,1)
597:(5,1,1,2)
598:(5,1,1,3)
599:(5,1,2,0)
600:(5,1,2,1)
601:(5,1,2,2)
602:(5,1,2,3)
603:(5,1,3,0)
604:(5,1,3,1)
605:(5,1,3,2)
606:(5,1,3,3)
607:(5,1,4,0)
608:(5,1,4,1)
609:(5,1,4,2)
610:(5,1,4,3)
611:(5,1,5,0)
612:(5,1,5,1)
613:(5,1,5,2)
614:(5,1,5,3)
615:(5,1,6,0)
616:(5,1,6,1)
617:(5,1,6,2)
618:(5,1,6,3)
619:(5,2,0,0)
620:(5,2,0,1)
621:(5,2,0,2)
622:(5,2,0,3)
623:(5,2,1,0)
624:(5,2,1,1)
625:(5,2,1,2)
626:(5,2,1,3)
627:(5,2,2,0)
628:(5,2,2,1)
629:(5,2,2,2)
630:(5,2,2,3)
631:(5,2,3,0)
632:(5,2,3,1)
633:(5,2,3,2)
634:(5,2,3,3)
635:(5,2,4,0)
636:(5,2,4,1)
637:(5,2,4,2)
638:(5,2,4,3)
639:(5,2,5,0)
640:(5,2,5,1)
641:(5,2,5,2)
642:(5,2,5,3)
643:(5,2,6,0)
644:(5,2,6,1)
645:(5,2,6,2)
646:(5,2,6,3)
647:(5,3,0,0)
648:(5,3,0,1)
649:(5,3,0,2)
650:(5,3,0,3)
651:(5,3,1,0)
652:(5,3,1,1)
653:(5,3,1,2)
654:(5,3,1,3)
655:(5,3,2,0)
656:(5,3,2,1)
657:(5,3,2,2)
658:(5,3,2,3)
659:(5,3,3,0)
660:(5,3,3,1)
661:(5,3,3,2)
662:(5,3,3,3)
663:(5,3,4,0)
664:(5,3,4,1)
665:(5,3,4,2)
666:(5,3,4,3)
667:(5,3,5,0)
668:(5,3,5,1)
669:(5,3,5,2)
670:(5,3,5,3)
671:(5,3,6,0)
672:(5,3,6,1)
673:(5,3,6,2)
674:(5,3,6,3)
675:(6,0,0,0)
676:(6,0,0,1)
677:(6,0,0,2)
678:(6,0,0,3)
679:(6,0,1,0)
680:(6,0,1,1)
681:(6,0,1,2)
682:(6,0,1,3)
683:(6,0,2,0)
684:(6,0,2,1)
685:(6,0,2,2)
686:(6,0,2,3)
687:(6,0,3,0)
688:(6,0,3,1)
689:(6,0,3,2)
690:(6,0,3,3)
691:(6,0,4,0)
692:(6,0,4,1)
693:(6,0,4,2)
694:(6,0,4,3)
695:(6,0,5,0)
696:(6,0,5,1)
697:(6,0,5,2)
698:(6,0,5,3)
699:(6,0,6,0)
700:(6,0,6,1)
701:(6,0,6,2)
702:(6,0,6,3)
703:(6,1,0,0)
704:(6,1,0,1)
705:(6,1,0,2)
706:(6,1,0,3)
707:(6,1,1,0)
708:(6,1,1,1)
709:(6,1,1,2)
710:(6,1,1,3)
711:(6,1,2,0)
712:(6,1,2,1)
713:(6,1,2,2)
714:(6,1,2,3)
715:(6,1,3,0)
716:(6,1,3,1)
717:(6,1,3,2)
718:(6,1,3,3)
719:(6,1,4,0)
720:(6,1,4,1)
721:(6,1,4,2)
722:(6,1,4,3)
723:(6,1,5,0)
724:(6,1,5,1)
725:(6,1,5,2)
726:(6,1,5,3)
727:(6,1,6,0)
728:(6,1,6,1)
729:(6,1,6,2)
730:(6,1,6,3)
731:(6,2,0,0)
732:(6,2,0,1)
733:(6,2,0,2)
734:(6,2,0,3)
735:(6,2,1,0)
736:(6,2,1,1)
737:(6,2,1,2)
738:(6,2,1,3)
739:(6,2,2,0)
740:(6,2,2,1)
741:(6,2,2,2)
742:(6,2,2,3)
743:(6,2,3,0)
744:(6,2,3,1)
745:(6,2,3,2)
746:(6,2,3,3)
747:(6,2,4,0)
748:(6,2,4,1)
749:(6,2,4,2)
750:(6,2,4,3)
751:(6,2,5,0)
752:(6,2,5,1)
753:(6,2,5,2)
754:(6,2,5,3)
755:(6,2,6,0)
756:(6,2,6,1)
757:(6,2,6,2)
758:(6,2,6,3)
759:(6,3,0,0)
760:(6,3,0,1)
761:(6,3,0,2)
762:(6,3,0,3)
763:(6,3,1,0)
764:(6,3,1,1)
765:(6,3,1,2)
766:(6,3,1,3)
767:(6,3,2,0)
768:(6,3,2,1)
769:(6,3,2,2)
770:(6,3,2,3)
771:(6,3,3,0)
772:(6,3,3,1)
773:(6,3,3,2)
774:(6,3,3,3)
775:(6,3,4,0)
776:(6,3,4,1)
777:(6,3,4,2)
778:(6,3,4,3)
779:(6,3,5,0)
780:(6,3,5,1)
781:(6,3,5,2)
782:(6,3,5,3)
783:(6,3,6,0)
784:(6,3,6,1)
785:(6,3,6,2)
786:(6,3,6,3)